  cw1shan.cpp
c:\users\shantnu\desktop\comp3214\cwks\graphics_stuff\stb_image\stb_image.h(553): warning C4312: 'type cast': conversion from 'int' to 'unsigned char *' of greater size
c:\users\shantnu\desktop\comp3214\cwks\graphics_stuff\stb_image\stb_image.h(561): warning C4312: 'type cast': conversion from 'int' to 'unsigned char *' of greater size
c:\users\shantnu\desktop\comp3214\cwks\graphics_stuff\stb_image\stb_image.h(559): warning C4996: 'fopen': This function or variable may be unsafe. Consider using fopen_s instead. To disable deprecation, use _CRT_SECURE_NO_WARNINGS. See online help for details.
  c:\program files (x86)\windows kits\10\include\10.0.10240.0\ucrt\stdio.h(205): note: see declaration of 'fopen'
c:\users\shantnu\desktop\comp3214\cwks\graphics_stuff\stb_image\stb_image.h(601): warning C4312: 'type cast': conversion from 'int' to 'float *' of greater size
c:\users\shantnu\desktop\comp3214\cwks\graphics_stuff\stb_image\stb_image.h(623): warning C4312: 'type cast': conversion from 'int' to 'float *' of greater size
c:\users\shantnu\desktop\comp3214\cwks\graphics_stuff\stb_image\stb_image.h(621): warning C4996: 'fopen': This function or variable may be unsafe. Consider using fopen_s instead. To disable deprecation, use _CRT_SECURE_NO_WARNINGS. See online help for details.
  c:\program files (x86)\windows kits\10\include\10.0.10240.0\ucrt\stdio.h(205): note: see declaration of 'fopen'
c:\users\shantnu\desktop\comp3214\cwks\graphics_stuff\stb_image\stb_image.h(659): warning C4996: 'fopen': This function or variable may be unsafe. Consider using fopen_s instead. To disable deprecation, use _CRT_SECURE_NO_WARNINGS. See online help for details.
  c:\program files (x86)\windows kits\10\include\10.0.10240.0\ucrt\stdio.h(205): note: see declaration of 'fopen'
c:\users\shantnu\desktop\comp3214\cwks\graphics_stuff\stb_image\stb_image.h(760): warning C4244: 'initializing': conversion from '__int64' to 'int', possible loss of data
c:\users\shantnu\desktop\comp3214\cwks\graphics_stuff\stb_image\stb_image.h(773): warning C4244: 'initializing': conversion from '__int64' to 'int', possible loss of data
c:\users\shantnu\desktop\comp3214\cwks\graphics_stuff\stb_image\stb_image.h(845): warning C4312: 'type cast': conversion from 'int' to 'unsigned char *' of greater size
c:\users\shantnu\desktop\comp3214\cwks\graphics_stuff\stb_image\stb_image.h(883): warning C4312: 'type cast': conversion from 'int' to 'float *' of greater size
c:\users\shantnu\desktop\comp3214\cwks\graphics_stuff\stb_image\stb_image.h(901): warning C4312: 'type cast': conversion from 'int' to 'unsigned char *' of greater size
c:\users\shantnu\desktop\comp3214\cwks\graphics_stuff\stb_image\stb_image.h(1812): warning C4312: 'type cast': conversion from 'int' to 'unsigned char *' of greater size
c:\users\shantnu\desktop\comp3214\cwks\graphics_stuff\stb_image\stb_image.h(1841): warning C4312: 'type cast': conversion from 'int' to 'unsigned char *' of greater size
c:\users\shantnu\desktop\comp3214\cwks\graphics_stuff\stb_image\stb_image.h(1859): warning C4312: 'type cast': conversion from 'int' to 'unsigned char *' of greater size
c:\users\shantnu\desktop\comp3214\cwks\graphics_stuff\stb_image\stb_image.h(2833): warning C4312: 'type cast': conversion from 'int' to 'unsigned char *' of greater size
c:\users\shantnu\desktop\comp3214\cwks\graphics_stuff\stb_image\stb_image.h(2958): warning C4312: 'type cast': conversion from 'int' to 'unsigned char *' of greater size
c:\users\shantnu\desktop\comp3214\cwks\graphics_stuff\stb_image\stb_image.h(2964): warning C4312: 'type cast': conversion from 'int' to 'unsigned char *' of greater size
c:\users\shantnu\desktop\comp3214\cwks\graphics_stuff\stb_image\stb_image.h(2972): warning C4312: 'type cast': conversion from 'int' to 'unsigned char *' of greater size
c:\users\shantnu\desktop\comp3214\cwks\graphics_stuff\stb_image\stb_image.h(2974): warning C4312: 'type cast': conversion from 'int' to 'unsigned char *' of greater size
c:\users\shantnu\desktop\comp3214\cwks\graphics_stuff\stb_image\stb_image.h(2982): warning C4312: 'type cast': conversion from 'int' to 'unsigned char *' of greater size
c:\users\shantnu\desktop\comp3214\cwks\graphics_stuff\stb_image\stb_image.h(3016): warning C4312: 'type cast': conversion from 'int' to 'unsigned char *' of greater size
c:\users\shantnu\desktop\comp3214\cwks\graphics_stuff\stb_image\stb_image.h(3019): warning C4312: 'type cast': conversion from 'int' to 'unsigned char *' of greater size
c:\users\shantnu\desktop\comp3214\cwks\graphics_stuff\stb_image\stb_image.h(3040): warning C4312: 'type cast': conversion from 'int' to 'unsigned char *' of greater size
c:\users\shantnu\desktop\comp3214\cwks\graphics_stuff\stb_image\stb_image.h(3043): warning C4312: 'type cast': conversion from 'int' to 'unsigned char *' of greater size
c:\users\shantnu\desktop\comp3214\cwks\graphics_stuff\stb_image\stb_image.h(3054): warning C4312: 'type cast': conversion from 'int' to 'unsigned char *' of greater size
c:\users\shantnu\desktop\comp3214\cwks\graphics_stuff\stb_image\stb_image.h(3092): warning C4312: 'type cast': conversion from 'int' to 'unsigned char *' of greater size
c:\users\shantnu\desktop\comp3214\cwks\graphics_stuff\stb_image\stb_image.h(3290): warning C4312: 'type cast': conversion from 'int' to 'unsigned char *' of greater size
c:\users\shantnu\desktop\comp3214\cwks\graphics_stuff\stb_image\stb_image.h(3301): warning C4312: 'type cast': conversion from 'int' to 'unsigned char *' of greater size
c:\users\shantnu\desktop\comp3214\cwks\graphics_stuff\stb_image\stb_image.h(3305): warning C4312: 'type cast': conversion from 'int' to 'unsigned char *' of greater size
c:\users\shantnu\desktop\comp3214\cwks\graphics_stuff\stb_image\stb_image.h(3482): warning C4312: 'type cast': conversion from 'int' to 'unsigned char *' of greater size
c:\users\shantnu\desktop\comp3214\cwks\graphics_stuff\stb_image\stb_image.h(3486): warning C4312: 'type cast': conversion from 'int' to 'unsigned char *' of greater size
c:\users\shantnu\desktop\comp3214\cwks\graphics_stuff\stb_image\stb_image.h(3494): warning C4312: 'type cast': conversion from 'int' to 'unsigned char *' of greater size
c:\users\shantnu\desktop\comp3214\cwks\graphics_stuff\stb_image\stb_image.h(3502): warning C4312: 'type cast': conversion from 'int' to 'unsigned char *' of greater size
c:\users\shantnu\desktop\comp3214\cwks\graphics_stuff\stb_image\stb_image.h(3515): warning C4312: 'type cast': conversion from 'int' to 'unsigned char *' of greater size
c:\users\shantnu\desktop\comp3214\cwks\graphics_stuff\stb_image\stb_image.h(3532): warning C4312: 'type cast': conversion from 'int' to 'unsigned char *' of greater size
c:\users\shantnu\desktop\comp3214\cwks\graphics_stuff\stb_image\stb_image.h(3536): warning C4312: 'type cast': conversion from 'int' to 'unsigned char *' of greater size
c:\users\shantnu\desktop\comp3214\cwks\graphics_stuff\stb_image\stb_image.h(3679): warning C4312: 'type cast': conversion from 'int' to 'unsigned char *' of greater size
c:\users\shantnu\desktop\comp3214\cwks\graphics_stuff\stb_image\stb_image.h(3707): warning C4312: 'type cast': conversion from 'int' to 'unsigned char *' of greater size
c:\users\shantnu\desktop\comp3214\cwks\graphics_stuff\stb_image\stb_image.h(3718): warning C4312: 'type cast': conversion from 'int' to 'unsigned char *' of greater size
c:\users\shantnu\desktop\comp3214\cwks\graphics_stuff\stb_image\stb_image.h(3719): warning C4312: 'type cast': conversion from 'int' to 'unsigned char *' of greater size
c:\users\shantnu\desktop\comp3214\cwks\graphics_stuff\stb_image\stb_image.h(3733): warning C4312: 'type cast': conversion from 'int' to 'unsigned char *' of greater size
c:\users\shantnu\desktop\comp3214\cwks\graphics_stuff\stb_image\stb_image.h(3752): warning C4312: 'type cast': conversion from 'int' to 'unsigned char *' of greater size
c:\users\shantnu\desktop\comp3214\cwks\graphics_stuff\stb_image\stb_image.h(3770): warning C4312: 'type cast': conversion from 'int' to 'unsigned char *' of greater size
c:\users\shantnu\desktop\comp3214\cwks\graphics_stuff\stb_image\stb_image.h(3781): warning C4312: 'type cast': conversion from 'int' to 'unsigned char *' of greater size
c:\users\shantnu\desktop\comp3214\cwks\graphics_stuff\stb_image\stb_image.h(3790): warning C4312: 'type cast': conversion from 'int' to 'unsigned char *' of greater size
c:\users\shantnu\desktop\comp3214\cwks\graphics_stuff\stb_image\stb_image.h(3817): warning C4312: 'type cast': conversion from 'int' to 'unsigned char *' of greater size
c:\users\shantnu\desktop\comp3214\cwks\graphics_stuff\stb_image\stb_image.h(3818): warning C4312: 'type cast': conversion from 'int' to 'unsigned char *' of greater size
c:\users\shantnu\desktop\comp3214\cwks\graphics_stuff\stb_image\stb_image.h(4032): warning C4312: 'type cast': conversion from 'int' to 'unsigned char *' of greater size
c:\users\shantnu\desktop\comp3214\cwks\graphics_stuff\stb_image\stb_image.h(4036): warning C4312: 'type cast': conversion from 'int' to 'unsigned char *' of greater size
c:\users\shantnu\desktop\comp3214\cwks\graphics_stuff\stb_image\stb_image.h(4041): warning C4312: 'type cast': conversion from 'int' to 'unsigned char *' of greater size
c:\users\shantnu\desktop\comp3214\cwks\graphics_stuff\stb_image\stb_image.h(4052): warning C4312: 'type cast': conversion from 'int' to 'unsigned char *' of greater size
c:\users\shantnu\desktop\comp3214\cwks\graphics_stuff\stb_image\stb_image.h(4081): warning C4312: 'type cast': conversion from 'int' to 'unsigned char *' of greater size
c:\users\shantnu\desktop\comp3214\cwks\graphics_stuff\stb_image\stb_image.h(4088): warning C4312: 'type cast': conversion from 'int' to 'unsigned char *' of greater size
c:\users\shantnu\desktop\comp3214\cwks\graphics_stuff\stb_image\stb_image.h(4105): warning C4312: 'type cast': conversion from 'int' to 'unsigned char *' of greater size
c:\users\shantnu\desktop\comp3214\cwks\graphics_stuff\stb_image\stb_image.h(4135): warning C4312: 'type cast': conversion from 'int' to 'unsigned char *' of greater size
c:\users\shantnu\desktop\comp3214\cwks\graphics_stuff\stb_image\stb_image.h(4168): warning C4312: 'type cast': conversion from 'int' to 'unsigned char *' of greater size
c:\users\shantnu\desktop\comp3214\cwks\graphics_stuff\stb_image\stb_image.h(4280): warning C4312: 'type cast': conversion from 'int' to 'float *' of greater size
c:\users\shantnu\desktop\comp3214\cwks\graphics_stuff\stb_image\stb_image.h(4289): warning C4312: 'type cast': conversion from 'int' to 'float *' of greater size
c:\users\shantnu\desktop\comp3214\cwks\graphics_stuff\stb_image\stb_image.h(4294): warning C4312: 'type cast': conversion from 'int' to 'float *' of greater size
c:\users\shantnu\desktop\comp3214\cwks\graphics_stuff\stb_image\stb_image.h(4298): warning C4312: 'type cast': conversion from 'int' to 'float *' of greater size
c:\users\shantnu\desktop\comp3214\cwks\graphics_stuff\stb_image\stb_image.h(4347): warning C4312: 'type cast': conversion from 'int' to 'float *' of greater size
c:\users\shantnu\desktop\comp3214\cwks\graphics_stuff\stb_image\stb_image.h(4552): warning C4996: 'fopen': This function or variable may be unsafe. Consider using fopen_s instead. To disable deprecation, use _CRT_SECURE_NO_WARNINGS. See online help for details.
  c:\program files (x86)\windows kits\10\include\10.0.10240.0\ucrt\stdio.h(205): note: see declaration of 'fopen'
c:\users\shantnu\desktop\comp3214\cwks\cw1shan.cpp(288): warning C4267: '=': conversion from 'size_t' to 'int', possible loss of data
  cwks.vcxproj -> C:\Users\Shantnu\Desktop\COMP3214\x64\Debug\cwks.exe
  cwks.vcxproj -> C:\Users\Shantnu\Desktop\COMP3214\x64\Debug\cwks.pdb (Full PDB)
